Der Buildvorgang wurde am 11/3/2015 1:27:44 PM gestartet.
     1>Projekt "C:\Users\jj\Documents\StudiumCode\jt\EKS\ProgI\04\prkt04\prkt05\prkt05.vcxproj" auf Knoten "2", Build Ziel(e).
     1>Link:
         C:\Program Files (x86)\Microsoft Visual Studio 12.0\VC\bin\link.exe /ERRORREPORT:PROMPT /OUT:"C:\Users\jj\Documents\StudiumCode\jt\EKS\ProgI\04\prkt04\Debug\prkt05.exe" /INCREMENTAL /NOLOGO kernel32.lib user32.lib gdi32.lib winspool.lib comdlg32.lib advapi32.lib shell32.lib ole32.lib oleaut32.lib uuid.lib odbc32.lib odbccp32.lib /MANIFEST /MANIFESTUAC:"level='asInvoker' uiAccess='false'" /manifest:embed /DEBUG /PDB:"C:\Users\jj\Documents\StudiumCode\jt\EKS\ProgI\04\prkt04\Debug\prkt05.pdb" /SUBSYSTEM:CONSOLE /TLBID:1 /DYNAMICBASE /NXCOMPAT /IMPLIB:"C:\Users\jj\Documents\StudiumCode\jt\EKS\ProgI\04\prkt04\Debug\prkt05.lib" /MACHINE:X86 Debug\pr5.obj
         Debug\pr5main.obj
     1>pr5.obj : error LNK2019: Verweis auf nicht aufgelöstes externes Symbol "_C" in Funktion "_binomialCoefficient".
     1>C:\Users\jj\Documents\StudiumCode\jt\EKS\ProgI\04\prkt04\Debug\prkt05.exe : fatal error LNK1120: 1 nicht aufgelöste Externe
     1>Die Erstellung des Projekts "C:\Users\jj\Documents\StudiumCode\jt\EKS\ProgI\04\prkt04\prkt05\prkt05.vcxproj" ist abgeschlossen, Build Ziel(e) -- FEHLER.

Fehler beim Buildvorgang.

Verstrichene Zeit 00:00:00.23
